c:\users\vikto\code\github\voxel-physics\voxel-physics\x64\release\vc142.pdb
c:\users\vikto\code\github\voxel-physics\voxel-physics\x64\release\voxel.obj
c:\users\vikto\code\github\voxel-physics\voxel-physics\x64\release\stb.obj
c:\users\vikto\code\github\voxel-physics\voxel-physics\x64\release\main.obj
c:\users\vikto\code\github\voxel-physics\voxel-physics\x64\release\imgui_widgets.obj
c:\users\vikto\code\github\voxel-physics\voxel-physics\x64\release\imgui_tables.obj
c:\users\vikto\code\github\voxel-physics\voxel-physics\x64\release\imgui_impl_opengl3.obj
c:\users\vikto\code\github\voxel-physics\voxel-physics\x64\release\imgui_impl_glfw.obj
c:\users\vikto\code\github\voxel-physics\voxel-physics\x64\release\imgui_draw.obj
c:\users\vikto\code\github\voxel-physics\voxel-physics\x64\release\imgui_demo.obj
c:\users\vikto\code\github\voxel-physics\voxel-physics\x64\release\imgui.obj
c:\users\vikto\code\github\voxel-physics\voxel-physics\x64\release\glad.obj
c:\users\vikto\code\github\voxel-physics\voxel-physics\x64\release\voxel-physics.exe
c:\users\vikto\code\github\voxel-physics\voxel-physics\x64\release\voxel-physics.pdb
c:\users\vikto\code\github\voxel-physics\voxel-physics\x64\release\voxel-physics.ipdb
c:\users\vikto\code\github\voxel-physics\voxel-physics\x64\release\voxel-physics.iobj
c:\users\vikto\code\github\voxel-physics\voxel-physics\x64\release\voxel-physics.tlog\cl.command.1.tlog
c:\users\vikto\code\github\voxel-physics\voxel-physics\x64\release\voxel-physics.tlog\cl.read.1.tlog
c:\users\vikto\code\github\voxel-physics\voxel-physics\x64\release\voxel-physics.tlog\cl.write.1.tlog
c:\users\vikto\code\github\voxel-physics\voxel-physics\x64\release\voxel-physics.tlog\link.command.1.tlog
c:\users\vikto\code\github\voxel-physics\voxel-physics\x64\release\voxel-physics.tlog\link.read.1.tlog
c:\users\vikto\code\github\voxel-physics\voxel-physics\x64\release\voxel-physics.tlog\link.write.1.tlog
c:\users\vikto\code\github\voxel-physics\voxel-physics\x64\release\voxel-physics.tlog\voxel-physics.write.1u.tlog
