Build started 2022-08-09 19:13:20.
Logging verbosity is set to: Normal.     1>Project "C:\Users\vikto\Code\GitHub\voxel-physics\voxel-physics\voxel-physics.vcxproj" on node 2 (Build target(s)).
     1>InitializeBuildStatus:
         Creating "x64\Release\voxel-physics.tlog\unsuccessfulbuild" because "AlwaysCreate" was specified.
       ClCompile:
         C:\Program Files (x86)\Microsoft Visual Studio\2019\Community\VC\Tools\MSVC\14.29.30133\bin\HostX86\x64\CL.exe /c /I"C:\Users\vikto\Code\GitHub\voxel-physics\voxel-physics\libraries\include" /Zi /nologo /W3 /WX- /diagnostics:column /sdl /O2 /Oi /GL /D NDEBUG /D _CONSOLE /D _UNICODE /D UNICODE /Gm- /EHsc /MD /GS /Gy /fp:precise /permissive- /Zc:wchar_t /Zc:forScope /Zc:inline /std:c++17 /Fo"x64\Release\\" /Fd"x64\Release\vc142.pdb" /external:W3 /Gd /TP /FC /errorReport:prompt Main.cpp
         Main.cpp
     1>C:\Users\vikto\Code\GitHub\voxel-physics\voxel-physics\FrameBuffer.h(66,1): warning C4267: 'argument': conversion from 'size_t' to 'GLsizei', possible loss of data
     1>C:\Users\vikto\Code\GitHub\voxel-physics\voxel-physics\Main.cpp(35,28): warning C4244: '=': conversion from 'double' to 'float', possible loss of data
       Link:
         C:\Program Files (x86)\Microsoft Visual Studio\2019\Community\VC\Tools\MSVC\14.29.30133\bin\HostX86\x64\link.exe /ERRORREPORT:PROMPT /OUT:"C:\Users\vikto\Code\GitHub\voxel-physics\voxel-physics\x64\Release\voxel-physics.exe" /INCREMENTAL:NO /NOLOGO libraries/lib/glfw3.lib opengl32.lib kernel32.lib user32.lib gdi32.lib winspool.lib comdlg32.lib advapi32.lib shell32.lib ole32.lib oleaut32.lib uuid.lib odbc32.lib odbccp32.lib /MANIFEST /MANIFESTUAC:"level='asInvoker' uiAccess='false'" /manifest:embed /DEBUG /PDB:"C:\Users\vikto\Code\GitHub\voxel-physics\voxel-physics\x64\Release\voxel-physics.pdb" /SUBSYSTEM:CONSOLE /OPT:REF /OPT:ICF /LTCG:incremental /LTCGOUT:"x64\Release\voxel-physics.iobj" /TLBID:1 /DYNAMICBASE /NXCOMPAT /IMPLIB:"C:\Users\vikto\Code\GitHub\voxel-physics\voxel-physics\x64\Release\voxel-physics.lib" /MACHINE:X64 x64\Release\glad.obj
         x64\Release\imgui.obj
         x64\Release\imgui_demo.obj
         x64\Release\imgui_draw.obj
         x64\Release\imgui_impl_glfw.obj
         x64\Release\imgui_impl_opengl3.obj
         x64\Release\imgui_tables.obj
         x64\Release\imgui_widgets.obj
         x64\Release\Main.obj
         x64\Release\stb.obj
     1>LINK : warning LNK4098: defaultlib 'MSVCRTD' conflicts with use of other libs; use /NODEFAULTLIB:library
         Generating code
         19 of 1848 functions ( 1.0%) were compiled, the rest were copied from previous compilation.
           18 functions were new in current compilation
           13 functions had inline decision re-evaluated but remain unchanged
         Finished generating code
     1>glfw3.lib(context.obj) : warning LNK4099: PDB 'glfw.pdb' was not found with 'glfw3.lib(context.obj)' or at 'C:\Users\vikto\Code\GitHub\voxel-physics\voxel-physics\x64\Release\glfw.pdb'; linking object as if no debug info
     1>glfw3.lib(init.obj) : warning LNK4099: PDB 'glfw.pdb' was not found with 'glfw3.lib(init.obj)' or at 'C:\Users\vikto\Code\GitHub\voxel-physics\voxel-physics\x64\Release\glfw.pdb'; linking object as if no debug info
     1>glfw3.lib(input.obj) : warning LNK4099: PDB 'glfw.pdb' was not found with 'glfw3.lib(input.obj)' or at 'C:\Users\vikto\Code\GitHub\voxel-physics\voxel-physics\x64\Release\glfw.pdb'; linking object as if no debug info
     1>glfw3.lib(monitor.obj) : warning LNK4099: PDB 'glfw.pdb' was not found with 'glfw3.lib(monitor.obj)' or at 'C:\Users\vikto\Code\GitHub\voxel-physics\voxel-physics\x64\Release\glfw.pdb'; linking object as if no debug info
     1>glfw3.lib(vulkan.obj) : warning LNK4099: PDB 'glfw.pdb' was not found with 'glfw3.lib(vulkan.obj)' or at 'C:\Users\vikto\Code\GitHub\voxel-physics\voxel-physics\x64\Release\glfw.pdb'; linking object as if no debug info
     1>glfw3.lib(window.obj) : warning LNK4099: PDB 'glfw.pdb' was not found with 'glfw3.lib(window.obj)' or at 'C:\Users\vikto\Code\GitHub\voxel-physics\voxel-physics\x64\Release\glfw.pdb'; linking object as if no debug info
     1>glfw3.lib(win32_init.obj) : warning LNK4099: PDB 'glfw.pdb' was not found with 'glfw3.lib(win32_init.obj)' or at 'C:\Users\vikto\Code\GitHub\voxel-physics\voxel-physics\x64\Release\glfw.pdb'; linking object as if no debug info
     1>glfw3.lib(win32_joystick.obj) : warning LNK4099: PDB 'glfw.pdb' was not found with 'glfw3.lib(win32_joystick.obj)' or at 'C:\Users\vikto\Code\GitHub\voxel-physics\voxel-physics\x64\Release\glfw.pdb'; linking object as if no debug info
     1>glfw3.lib(win32_monitor.obj) : warning LNK4099: PDB 'glfw.pdb' was not found with 'glfw3.lib(win32_monitor.obj)' or at 'C:\Users\vikto\Code\GitHub\voxel-physics\voxel-physics\x64\Release\glfw.pdb'; linking object as if no debug info
     1>glfw3.lib(win32_time.obj) : warning LNK4099: PDB 'glfw.pdb' was not found with 'glfw3.lib(win32_time.obj)' or at 'C:\Users\vikto\Code\GitHub\voxel-physics\voxel-physics\x64\Release\glfw.pdb'; linking object as if no debug info
     1>glfw3.lib(win32_thread.obj) : warning LNK4099: PDB 'glfw.pdb' was not found with 'glfw3.lib(win32_thread.obj)' or at 'C:\Users\vikto\Code\GitHub\voxel-physics\voxel-physics\x64\Release\glfw.pdb'; linking object as if no debug info
     1>glfw3.lib(win32_window.obj) : warning LNK4099: PDB 'glfw.pdb' was not found with 'glfw3.lib(win32_window.obj)' or at 'C:\Users\vikto\Code\GitHub\voxel-physics\voxel-physics\x64\Release\glfw.pdb'; linking object as if no debug info
     1>glfw3.lib(wgl_context.obj) : warning LNK4099: PDB 'glfw.pdb' was not found with 'glfw3.lib(wgl_context.obj)' or at 'C:\Users\vikto\Code\GitHub\voxel-physics\voxel-physics\x64\Release\glfw.pdb'; linking object as if no debug info
     1>glfw3.lib(egl_context.obj) : warning LNK4099: PDB 'glfw.pdb' was not found with 'glfw3.lib(egl_context.obj)' or at 'C:\Users\vikto\Code\GitHub\voxel-physics\voxel-physics\x64\Release\glfw.pdb'; linking object as if no debug info
     1>glfw3.lib(osmesa_context.obj) : warning LNK4099: PDB 'glfw.pdb' was not found with 'glfw3.lib(osmesa_context.obj)' or at 'C:\Users\vikto\Code\GitHub\voxel-physics\voxel-physics\x64\Release\glfw.pdb'; linking object as if no debug info
         voxel-physics.vcxproj -> C:\Users\vikto\Code\GitHub\voxel-physics\voxel-physics\x64\Release\voxel-physics.exe
       FinalizeBuildStatus:
         Deleting file "x64\Release\voxel-physics.tlog\unsuccessfulbuild".
         Touching "x64\Release\voxel-physics.tlog\voxel-physics.lastbuildstate".
     1>Done Building Project "C:\Users\vikto\Code\GitHub\voxel-physics\voxel-physics\voxel-physics.vcxproj" (Build target(s)).

Build succeeded.

       "C:\Users\vikto\Code\GitHub\voxel-physics\voxel-physics\voxel-physics.vcxproj" (Build target) (1) ->
       (ClCompile target) -> 
         C:\Users\vikto\Code\GitHub\voxel-physics\voxel-physics\FrameBuffer.h(66,1): warning C4267: 'argument': conversion from 'size_t' to 'GLsizei', possible loss of data
         C:\Users\vikto\Code\GitHub\voxel-physics\voxel-physics\Main.cpp(35,28): warning C4244: '=': conversion from 'double' to 'float', possible loss of data


       "C:\Users\vikto\Code\GitHub\voxel-physics\voxel-physics\voxel-physics.vcxproj" (Build target) (1) ->
       (Link target) -> 
         LINK : warning LNK4098: defaultlib 'MSVCRTD' conflicts with use of other libs; use /NODEFAULTLIB:library
         glfw3.lib(context.obj) : warning LNK4099: PDB 'glfw.pdb' was not found with 'glfw3.lib(context.obj)' or at 'C:\Users\vikto\Code\GitHub\voxel-physics\voxel-physics\x64\Release\glfw.pdb'; linking object as if no debug info
         glfw3.lib(init.obj) : warning LNK4099: PDB 'glfw.pdb' was not found with 'glfw3.lib(init.obj)' or at 'C:\Users\vikto\Code\GitHub\voxel-physics\voxel-physics\x64\Release\glfw.pdb'; linking object as if no debug info
         glfw3.lib(input.obj) : warning LNK4099: PDB 'glfw.pdb' was not found with 'glfw3.lib(input.obj)' or at 'C:\Users\vikto\Code\GitHub\voxel-physics\voxel-physics\x64\Release\glfw.pdb'; linking object as if no debug info
         glfw3.lib(monitor.obj) : warning LNK4099: PDB 'glfw.pdb' was not found with 'glfw3.lib(monitor.obj)' or at 'C:\Users\vikto\Code\GitHub\voxel-physics\voxel-physics\x64\Release\glfw.pdb'; linking object as if no debug info
         glfw3.lib(vulkan.obj) : warning LNK4099: PDB 'glfw.pdb' was not found with 'glfw3.lib(vulkan.obj)' or at 'C:\Users\vikto\Code\GitHub\voxel-physics\voxel-physics\x64\Release\glfw.pdb'; linking object as if no debug info
         glfw3.lib(window.obj) : warning LNK4099: PDB 'glfw.pdb' was not found with 'glfw3.lib(window.obj)' or at 'C:\Users\vikto\Code\GitHub\voxel-physics\voxel-physics\x64\Release\glfw.pdb'; linking object as if no debug info
         glfw3.lib(win32_init.obj) : warning LNK4099: PDB 'glfw.pdb' was not found with 'glfw3.lib(win32_init.obj)' or at 'C:\Users\vikto\Code\GitHub\voxel-physics\voxel-physics\x64\Release\glfw.pdb'; linking object as if no debug info
         glfw3.lib(win32_joystick.obj) : warning LNK4099: PDB 'glfw.pdb' was not found with 'glfw3.lib(win32_joystick.obj)' or at 'C:\Users\vikto\Code\GitHub\voxel-physics\voxel-physics\x64\Release\glfw.pdb'; linking object as if no debug info
         glfw3.lib(win32_monitor.obj) : warning LNK4099: PDB 'glfw.pdb' was not found with 'glfw3.lib(win32_monitor.obj)' or at 'C:\Users\vikto\Code\GitHub\voxel-physics\voxel-physics\x64\Release\glfw.pdb'; linking object as if no debug info
         glfw3.lib(win32_time.obj) : warning LNK4099: PDB 'glfw.pdb' was not found with 'glfw3.lib(win32_time.obj)' or at 'C:\Users\vikto\Code\GitHub\voxel-physics\voxel-physics\x64\Release\glfw.pdb'; linking object as if no debug info
         glfw3.lib(win32_thread.obj) : warning LNK4099: PDB 'glfw.pdb' was not found with 'glfw3.lib(win32_thread.obj)' or at 'C:\Users\vikto\Code\GitHub\voxel-physics\voxel-physics\x64\Release\glfw.pdb'; linking object as if no debug info
         glfw3.lib(win32_window.obj) : warning LNK4099: PDB 'glfw.pdb' was not found with 'glfw3.lib(win32_window.obj)' or at 'C:\Users\vikto\Code\GitHub\voxel-physics\voxel-physics\x64\Release\glfw.pdb'; linking object as if no debug info
         glfw3.lib(wgl_context.obj) : warning LNK4099: PDB 'glfw.pdb' was not found with 'glfw3.lib(wgl_context.obj)' or at 'C:\Users\vikto\Code\GitHub\voxel-physics\voxel-physics\x64\Release\glfw.pdb'; linking object as if no debug info
         glfw3.lib(egl_context.obj) : warning LNK4099: PDB 'glfw.pdb' was not found with 'glfw3.lib(egl_context.obj)' or at 'C:\Users\vikto\Code\GitHub\voxel-physics\voxel-physics\x64\Release\glfw.pdb'; linking object as if no debug info
         glfw3.lib(osmesa_context.obj) : warning LNK4099: PDB 'glfw.pdb' was not found with 'glfw3.lib(osmesa_context.obj)' or at 'C:\Users\vikto\Code\GitHub\voxel-physics\voxel-physics\x64\Release\glfw.pdb'; linking object as if no debug info

    18 Warning(s)
    0 Error(s)

Time Elapsed 00:00:03.00
